2026-07-21 22:37:13.261 +10:00 [INFO] STEP 1: GET login page and extract the CSRF token
2026-07-21 22:37:16.007 +10:00 [INFO] STEP 2: POST /auth/validate as "Admin" (password from secret vault)
2026-07-21 22:37:22.000 +10:00 [INFO] STEP 3: Verify the session is authenticated (GET admin/users → 200)
2026-07-21 22:37:24.600 +10:00 [INFO] STEP 4: Save storageState → .auth/zenith.json
2026-07-21 22:37:24.607 +10:00 [INFO] PASS API login complete — session saved
2026-07-21 22:37:25.506 +10:00 [INFO] STEP 1: GET attendance records
2026-07-21 22:37:25.545 +10:00 [INFO] STEP 1: Authenticated as Admin (saved session)
2026-07-21 22:37:25.554 +10:00 [INFO] STEP 2: Create employee "E2e Life1784637445543" (employeeId 554398201)
2026-07-21 22:37:28.278 +10:00 [INFO] STEP 3: Captured empNumber = 337
2026-07-21 22:37:28.280 +10:00 [INFO] STEP 4: GET the employee by empNumber
2026-07-21 22:37:29.104 +10:00 [INFO] PASS attendance records reachable
2026-07-21 22:37:29.155 +10:00 [INFO] STEP 1: Create an employee
2026-07-21 22:37:30.797 +10:00 [INFO] STEP 2: Create a user for the employee
2026-07-21 22:37:30.797 +10:00 [INFO]   -> [API] POST create user "term915523516"
2026-07-21 22:37:32.098 +10:00 [INFO] STEP 5: Search the list API by employeeId=554398201
2026-07-21 22:37:33.692 +10:00 [INFO] STEP 3: The user can authenticate + call a protected API (200)
2026-07-21 22:37:35.065 +10:00 [INFO] STEP 6: Update personal details (firstName -> "E2eUpdated")
2026-07-21 22:37:37.873 +10:00 [INFO] STEP 7: Add job details (job title, employment status, category)
2026-07-21 22:37:41.597 +10:00 [INFO] STEP 8: Create an ESS user linked to the employee
2026-07-21 22:37:41.598 +10:00 [INFO]   -> [API] POST create user "life554398201"
2026-07-21 22:37:49.772 +10:00 [INFO] STEP 9: Retrieve the user and verify it links back to our employee
2026-07-21 22:37:49.773 +10:00 [INFO]   -> [API] GET  user id=113
2026-07-21 22:37:50.777 +10:00 [INFO] STEP 4: Offboard — revoke system access (delete user)
2026-07-21 22:37:50.777 +10:00 [INFO]   -> [API] DEL  user id=111
2026-07-21 22:37:52.571 +10:00 [INFO] STEP 10: Delete the user (revoke system access)
2026-07-21 22:37:52.572 +10:00 [INFO]   -> [API] DEL  user id=113
2026-07-21 22:37:53.878 +10:00 [INFO] STEP 5: Attempt authentication again — protected call is now denied
2026-07-21 22:37:55.370 +10:00 [INFO] STEP 11: Delete the employee
2026-07-21 22:37:56.206 +10:00 [INFO] STEP 1: GET leave types
2026-07-21 22:37:59.804 +10:00 [INFO] STEP 2: GET leave requests
2026-07-21 22:37:59.829 +10:00 [INFO] STEP 1: Authenticated as Admin
2026-07-21 22:37:59.835 +10:00 [INFO] STEP 2: Create an employee
2026-07-21 22:38:01.669 +10:00 [INFO] PASS leave reference data reachable
2026-07-21 22:38:01.715 +10:00 [INFO] STEP 1: GET customers (time reference data)
2026-07-21 22:38:03.485 +10:00 [INFO] STEP 3: Create an ESS user for that employee
2026-07-21 22:38:03.486 +10:00 [INFO]   -> [API] POST create user "bnd982868224"
2026-07-21 22:38:05.386 +10:00 [INFO] PASS time reference data reachable
2026-07-21 22:38:10.474 +10:00 [INFO] STEP 4: Authenticate as the ESS user
2026-07-21 22:38:22.261 +10:00 [INFO] STEP 5: ESS retrieves the employee list (permitted)
2026-07-21 22:38:25.871 +10:00 [INFO] STEP 6: ESS reads their own profile via PIM (permitted)
2026-07-21 22:38:28.777 +10:00 [INFO] STEP 7: ESS attempts a restricted admin operation (admin/users)
