2026-07-22 00:29:26.012 +10:00 [INFO] STEP 1: Log in as Admin
2026-07-22 00:29:38.619 +10:00 [INFO] STEP 2: Create employee "E2e Life1784644166011" (employeeId 644166011)
2026-07-22 00:29:57.668 +10:00 [INFO] STEP 3: Landed on the employee profile (identity captured)
2026-07-22 00:29:58.043 +10:00 [INFO] STEP 4: Verify the opened record shows the correct first name
2026-07-22 00:29:59.855 +10:00 [INFO] STEP 5: Search the PIM list for "E2e Life1784644166011"
2026-07-22 00:30:04.178 +10:00 [INFO] STEP 6: Open the record and rename firstName -> "E2eUpdated"
2026-07-22 00:30:13.667 +10:00 [INFO] STEP 7: Set job details (Job Title + Employment Status)
2026-07-22 00:30:23.852 +10:00 [INFO] STEP 1: Log in as Admin
2026-07-22 00:30:35.704 +10:00 [INFO] STEP 2: Create employee "E2e Life1784644223850" (employeeId 644223850)
2026-07-22 00:30:53.485 +10:00 [INFO] STEP 3: Landed on the employee profile (identity captured)
2026-07-22 00:30:54.320 +10:00 [INFO] STEP 4: Verify the opened record shows the correct first name
2026-07-22 00:30:56.632 +10:00 [INFO] STEP 5: Search the PIM list for "E2e Life1784644223850"
2026-07-22 00:31:02.218 +10:00 [INFO] STEP 6: Open the record and rename firstName -> "E2eUpdated"
2026-07-22 00:31:08.728 +10:00 [INFO] STEP 7: Set job details (Job Title + Employment Status)
2026-07-22 00:31:16.328 +10:00 [INFO] STEP 1: Log in as Admin
2026-07-22 00:31:23.086 +10:00 [INFO] STEP 2: Create employee "E2e Life1784644276327" (employeeId 644276327)
2026-07-22 00:31:35.534 +10:00 [INFO] STEP 3: Landed on the employee profile (identity captured)
2026-07-22 00:31:35.748 +10:00 [INFO] STEP 4: Verify the opened record shows the correct first name
2026-07-22 00:31:37.053 +10:00 [INFO] STEP 5: Search the PIM list for "E2e Life1784644276327"
2026-07-22 00:31:40.462 +10:00 [INFO] STEP 6: Open the record and rename firstName -> "E2eUpdated"
2026-07-22 00:31:44.867 +10:00 [INFO] STEP 7: Set job details (Job Title + Employment Status)
2026-07-22 00:31:51.002 +10:00 [INFO] STEP 1: Log in as Admin
2026-07-22 00:31:55.350 +10:00 [INFO] STEP 2: Create employee "Rbac U1784644311001"
2026-07-22 00:32:03.294 +10:00 [INFO] STEP 3: Create an ESS user for that employee
2026-07-22 00:32:12.777 +10:00 [INFO] STEP 4: Log in as the ESS user
2026-07-22 00:32:17.618 +10:00 [INFO] STEP 5: ESS can see "My Info" (permitted)
2026-07-22 00:32:17.628 +10:00 [INFO] STEP 6: ESS opens My Info → Personal Details (permitted)
2026-07-22 00:32:19.167 +10:00 [INFO] STEP 7: ESS attempts to reach Admin — the menu is not available
2026-07-22 00:32:19.168 +10:00 [INFO] STEP 8: Verify access is DENIED (no Admin menu item)
2026-07-22 00:32:19.186 +10:00 [INFO] STEP 9: Log back in as Admin
2026-07-22 00:32:23.313 +10:00 [INFO] STEP 10: Admin can reach Admin (permitted)
2026-07-22 00:32:25.145 +10:00 [INFO] STEP 11: Disable the ESS user (Status → Disabled)
2026-07-22 00:32:31.926 +10:00 [INFO] STEP 12: Confirm the disabled user can no longer log in
2026-07-22 00:32:43.202 +10:00 [INFO] STEP 1: Log in as Admin
2026-07-22 00:32:48.662 +10:00 [INFO] STEP 2: Create employee "Rbac U1784644363201"
2026-07-22 00:32:58.612 +10:00 [INFO] STEP 3: Create an ESS user for that employee
2026-07-22 00:33:07.256 +10:00 [INFO] STEP 4: Log in as the ESS user
2026-07-22 00:33:09.350 +10:00 [INFO] STEP 5: ESS can see "My Info" (permitted)
2026-07-22 00:33:09.362 +10:00 [INFO] STEP 6: ESS opens My Info → Personal Details (permitted)
2026-07-22 00:33:10.716 +10:00 [INFO] STEP 7: ESS attempts to reach Admin — the menu is not available
2026-07-22 00:33:10.716 +10:00 [INFO] STEP 8: Verify access is DENIED (no Admin menu item)
2026-07-22 00:33:10.722 +10:00 [INFO] STEP 9: Log back in as Admin
2026-07-22 00:33:13.450 +10:00 [INFO] STEP 10: Admin can reach Admin (permitted)
2026-07-22 00:33:15.543 +10:00 [INFO] STEP 11: Disable the ESS user (Status → Disabled)
2026-07-22 00:33:21.836 +10:00 [INFO] STEP 12: Confirm the disabled user can no longer log in
2026-07-22 00:33:30.421 +10:00 [INFO] STEP 1: Log in as Admin
2026-07-22 00:33:34.903 +10:00 [INFO] STEP 2: Create employee "Rbac U1784644410419"
2026-07-22 00:33:43.051 +10:00 [INFO] STEP 3: Create an ESS user for that employee
2026-07-22 00:33:52.470 +10:00 [INFO] STEP 4: Log in as the ESS user
2026-07-22 00:33:55.063 +10:00 [INFO] STEP 5: ESS can see "My Info" (permitted)
2026-07-22 00:33:55.073 +10:00 [INFO] STEP 6: ESS opens My Info → Personal Details (permitted)
2026-07-22 00:33:56.252 +10:00 [INFO] STEP 7: ESS attempts to reach Admin — the menu is not available
2026-07-22 00:33:56.253 +10:00 [INFO] STEP 8: Verify access is DENIED (no Admin menu item)
2026-07-22 00:33:56.268 +10:00 [INFO] STEP 9: Log back in as Admin
2026-07-22 00:33:58.682 +10:00 [INFO] STEP 10: Admin can reach Admin (permitted)
2026-07-22 00:34:00.153 +10:00 [INFO] STEP 11: Disable the ESS user (Status → Disabled)
2026-07-22 00:34:07.149 +10:00 [INFO] STEP 12: Confirm the disabled user can no longer log in
